[      94ms] [INFO] %cDownload the React DevTools for a better development experience: https://react.dev/link/react-devtools font-weight:bold @ http://localhost:3211/_next/static/chunks/node_modules_next_dist_f3530cac._.js:2297
[     120ms] [LOG] [HMR] connected @ http://localhost:3211/_next/static/chunks/node_modules_next_dist_f3530cac._.js:2297
[  108357ms] [LOG] [Fast Refresh] rebuilding @ http://localhost:3211/_next/static/chunks/node_modules_next_dist_f3530cac._.js:2297
[  108387ms] [LOG] [Fast Refresh] done in 7ms @ http://localhost:3211/_next/static/chunks/node_modules_next_dist_f3530cac._.js:2297
[  118448ms] [LOG] [Fast Refresh] rebuilding @ http://localhost:3211/_next/static/chunks/node_modules_next_dist_f3530cac._.js:2297
[  118475ms] [LOG] [Fast Refresh] done in 16ms @ http://localhost:3211/_next/static/chunks/node_modules_next_dist_f3530cac._.js:2297
[  124150ms] [LOG] [Fast Refresh] rebuilding @ http://localhost:3211/_next/static/chunks/node_modules_next_dist_f3530cac._.js:2297
[  124180ms] [LOG] [Fast Refresh] done in 6ms @ http://localhost:3211/_next/static/chunks/node_modules_next_dist_f3530cac._.js:2297
[  141071ms] [LOG] [Fast Refresh] rebuilding @ http://localhost:3211/_next/static/chunks/node_modules_next_dist_f3530cac._.js:2297
[  141143ms] [LOG] [Fast Refresh] done in 6ms @ http://localhost:3211/_next/static/chunks/node_modules_next_dist_f3530cac._.js:2297
[  148482ms] [LOG] [Fast Refresh] rebuilding @ http://localhost:3211/_next/static/chunks/node_modules_next_dist_f3530cac._.js:2297
[  148534ms] [LOG] [Fast Refresh] done in 6ms @ http://localhost:3211/_next/static/chunks/node_modules_next_dist_f3530cac._.js:2297
[  161415ms] [LOG] [Fast Refresh] rebuilding @ http://localhost:3211/_next/static/chunks/node_modules_next_dist_f3530cac._.js:2297
[  161481ms] [LOG] [Fast Refresh] done in 79ms @ http://localhost:3211/_next/static/chunks/node_modules_next_dist_f3530cac._.js:2297
[  161494ms] ReferenceError: PullQuote is not defined
    at Home (about://React/Server/file:///Users/yevhenii.riabokin/soft/pets/Vastra/landing-web/.next/dev/server/chunks/ssr/%5Broot-of-the-server%5D__0d8fa2df._.js?302:1418:273)
    at resolveErrorDev (http://localhost:3211/_next/static/chunks/node_modules_next_dist_compiled_react-server-dom-turbopack_9212ccad._.js:1894:106)
    at processFullStringRow (http://localhost:3211/_next/static/chunks/node_modules_next_dist_compiled_react-server-dom-turbopack_9212ccad._.js:2402:29)
    at processFullBinaryRow (http://localhost:3211/_next/static/chunks/node_modules_next_dist_compiled_react-server-dom-turbopack_9212ccad._.js:2361:9)
    at processBinaryChunk (http://localhost:3211/_next/static/chunks/node_modules_next_dist_compiled_react-server-dom-turbopack_9212ccad._.js:2470:221)
    at progress (http://localhost:3211/_next/static/chunks/node_modules_next_dist_compiled_react-server-dom-turbopack_9212ccad._.js:2640:13)
[  166915ms] [LOG] [Fast Refresh] rebuilding @ http://localhost:3211/_next/static/chunks/node_modules_next_dist_f3530cac._.js:2297
[  166964ms] [LOG] [Fast Refresh] done in 4ms @ http://localhost:3211/_next/static/chunks/node_modules_next_dist_f3530cac._.js:2297
[  167120ms] [INFO] %cDownload the React DevTools for a better development experience: https://react.dev/link/react-devtools font-weight:bold @ http://localhost:3211/_next/static/chunks/node_modules_next_dist_f3530cac._.js:2297
[  167147ms] [LOG] [HMR] connected @ http://localhost:3211/_next/static/chunks/node_modules_next_dist_f3530cac._.js:2297
[  167356ms] [INFO] %cDownload the React DevTools for a better development experience: https://react.dev/link/react-devtools font-weight:bold @ http://localhost:3211/_next/static/chunks/node_modules_next_dist_f3530cac._.js:2297
[  167376ms] [LOG] [HMR] connected @ http://localhost:3211/_next/static/chunks/node_modules_next_dist_f3530cac._.js:2297
